[41;37m./luci-app-aliddns: has no/multi config file(s), skipping...[0m
[41;37m./luci-app-aliddns: has no/multi config file(s), skipping...[0m
[41;37m./luci-app-aliddns: has no/multi config file(s), skipping...[0m
[41;37m./luci-app-aliddns: has no/multi config file(s), skipping...[0m
[41;37m./luci-app-aliddns: has no/multi config file(s), skipping...[0m
[41;37m./luci-app-aliddns: has no/multi config file(s), skipping...[0m
[41;37m./luci-app-ddnsto: has no/multi config file(s), skipping...[0m
[41;37m./luci-app-ddnsto: has no/multi config file(s), skipping...[0m
[41;37m./luci-app-ddnsto: has no/multi config file(s), skipping...[0m
[41;37m./luci-app-ddnsto: has no/multi config file(s), skipping...[0m
[41;37m./luci-app-ddnsto: has no/multi config file(s), skipping...[0m
[41;37m./luci-app-koolproxyR: has no/multi config file(s), skipping...[0m
[41;37m./luci-app-koolproxyR: has no/multi config file(s), skipping...[0m
[41;37m./luci-app-koolproxyR: has no/multi config file(s), skipping...[0m
[41;37m./luci-app-koolproxyR: has no/multi config file(s), skipping...[0m
[41;37m./luci-app-koolproxyR: has no/multi config file(s), skipping...[0m
[41;37m./luci-app-koolproxyR: has no/multi config file(s), skipping...[0m
[41;37m./luci-app-lucky: has no/multi config file(s), skipping...[0m
[41;37m./luci-app-lucky: has no/multi config file(s), skipping...[0m
[41;37m./luci-app-lucky: has no/multi config file(s), skipping...[0m
[41;37m./luci-app-smartdns: has no/multi config file(s), skipping...[0m
[41;37m./luci-app-smartdns: has no/multi config file(s), skipping...[0m
[41;37m./luci-app-smartdns: has no/multi config file(s), skipping...[0m
[41;37m./luci-app-smartdns: has no/multi config file(s), skipping...[0m
[41;37m./luci-app-smartdns: has no/multi config file(s), skipping...[0m
[41;37m./luci-app-store: has no/multi config file(s), skipping...[0m
[41;37m./luci-app-store: has no/multi config file(s), skipping...[0m
[41;37m./luci-app-store: has no/multi config file(s), skipping...[0m
[41;37m./luci-app-store: has no/multi config file(s), skipping...[0m
[41;37m./luci-app-store: has no/multi config file(s), skipping...[0m
[41;37m./luci-app-store: has no/multi config file(s), skipping...[0m
[41;37m./luci-app-store: has no/multi config file(s), skipping...[0m
